  [1m[35m (1.0ms)[0m  [1m[34mSELECT "schema_migrations"."version" FROM "schema_migrations" ORDER BY "schema_migrations"."version" ASC[0m
  ↳ /home/miaouss/.rvm/rubies/ruby-2.7.1/lib/ruby/gems/2.7.0/gems/rake-13.0.1/lib/rake/task.rb:281
  [1m[35m (0.8ms)[0m  [1m[34mSELECT "schema_migrations"."version" FROM "schema_migrations" ORDER BY "schema_migrations"."version" ASC[0m
  ↳ /home/miaouss/.rvm/rubies/ruby-2.7.1/lib/ruby/gems/2.7.0/gems/rake-13.0.1/lib/rake/task.rb:281
  [1m[35m (0.2ms)[0m  [1m[35mBEGIN[0m
  ↳ db/seeds.rb:22
  [1m[36mEmail Create (0.6ms)[0m  [1m[32mINSERT INTO "emails" ("object", "body", "created_at", "updated_at") VALUES ($1, $2, $3, $4) RETURNING "id"[0m  [["object", "The General"], ["body", "I love the smell of napalm in the morning."], ["created_at", "2020-11-19 09:41:38.094349"], ["updated_at", "2020-11-19 09:41:38.094349"]]
  ↳ db/seeds.rb:22
  [1m[35m (6.3ms)[0m  [1m[35mCOMMIT[0m
  ↳ db/seeds.rb:22
  [1m[35m (0.2ms)[0m  [1m[35mBEGIN[0m
  ↳ db/seeds.rb:22
  [1m[36mEmail Create (0.4ms)[0m  [1m[32mINSERT INTO "emails" ("object", "body", "created_at", "updated_at") VALUES ($1, $2, $3, $4) RETURNING "id"[0m  [["object", "Star Wars: Episode VI - Return of the Jedi"], ["body", "I love the smell of napalm in the morning."], ["created_at", "2020-11-19 09:41:38.103760"], ["updated_at", "2020-11-19 09:41:38.103760"]]
  ↳ db/seeds.rb:22
  [1m[35m (8.5ms)[0m  [1m[35mCOMMIT[0m
  ↳ db/seeds.rb:22
  [1m[35m (0.2ms)[0m  [1m[35mBEGIN[0m
  ↳ db/seeds.rb:22
  [1m[36mEmail Create (0.6ms)[0m  [1m[32mINSERT INTO "emails" ("object", "body", "created_at", "updated_at") VALUES ($1, $2, $3, $4) RETURNING "id"[0m  [["object", "Finding Nemo"], ["body", "I love the smell of napalm in the morning."], ["created_at", "2020-11-19 09:41:38.115251"], ["updated_at", "2020-11-19 09:41:38.115251"]]
  ↳ db/seeds.rb:22
  [1m[35m (8.2ms)[0m  [1m[35mCOMMIT[0m
  ↳ db/seeds.rb:22
  [1m[35m (0.2ms)[0m  [1m[35mBEGIN[0m
  ↳ db/seeds.rb:22
  [1m[36mEmail Create (0.5ms)[0m  [1m[32mINSERT INTO "emails" ("object", "body", "created_at", "updated_at") VALUES ($1, $2, $3, $4) RETURNING "id"[0m  [["object", "The Best Years of Our Lives"], ["body", "May the Force be with you."], ["created_at", "2020-11-19 09:41:38.126686"], ["updated_at", "2020-11-19 09:41:38.126686"]]
  ↳ db/seeds.rb:22
  [1m[35m (7.4ms)[0m  [1m[35mCOMMIT[0m
  ↳ db/seeds.rb:22
Started GET "/" for ::1 at 2020-11-19 10:42:04 +0100
  [1m[35m (0.6ms)[0m  [1m[34mSELECT "schema_migrations"."version" FROM "schema_migrations" ORDER BY "schema_migrations"."version" ASC[0m
  ↳ /home/miaouss/.rvm/gems/ruby-2.7.1/gems/activerecord-5.2.4.4/lib/active_record/log_subscriber.rb:98
Processing by EmailsController#index as HTML
  Rendering emails/index.html.erb within layouts/application
  Rendered emails/index.html.erb within layouts/application (1.4ms)
  Rendered layouts/_navbar.html.erb (2.8ms)
  Rendered layouts/_flash.html.erb (0.4ms)
Completed 200 OK in 1159ms (Views: 1153.5ms | ActiveRecord: 0.0ms)


Started GET "/" for ::1 at 2020-11-19 10:42:11 +0100
Processing by EmailsController#index as HTML
  Rendering emails/index.html.erb within layouts/application
  Rendered emails/index.html.erb within layouts/application (1.0ms)
  Rendered layouts/_navbar.html.erb (1.4ms)
  Rendered layouts/_flash.html.erb (1.2ms)
Completed 200 OK in 76ms (Views: 72.1ms | ActiveRecord: 0.0ms)


Started GET "/" for ::1 at 2020-11-19 10:45:44 +0100
Processing by EmailsController#index as HTML
  Rendering emails/index.html.erb within layouts/application
  Rendered emails/index.html.erb within layouts/application (1.0ms)
  Rendered layouts/_navbar.html.erb (1.1ms)
  Rendered layouts/_flash.html.erb (0.4ms)
Completed 200 OK in 39ms (Views: 37.1ms | ActiveRecord: 0.0ms)


Started GET "/" for ::1 at 2020-11-19 10:45:53 +0100
Processing by EmailsController#index as HTML
  Rendering emails/index.html.erb within layouts/application
  [1m[36mEmail Load (0.6ms)[0m  [1m[34mSELECT "emails".* FROM "emails"[0m
  ↳ app/views/emails/_email_list.html.erb:2
  Rendered emails/_email_list.html.erb (25.3ms)
  Rendered emails/index.html.erb within layouts/application (27.0ms)
Completed 500 Internal Server Error in 32ms (ActiveRecord: 6.4ms)


  
ActionView::Template::Error (undefined method `content' for #<Email:0x00007f803d6178c0>):
    2:   <% @emails.each do |email|  %>
    3:     <li>
    4:       Object :<%= email.object %>,
    5:       Content <%=  email.content  %>
    6:        <%
    7: =begin%>
    8:  <%= link_to "Edit this task", edit_task_path(task) %> 
  
app/views/emails/_email_list.html.erb:5:in `block in _app_views_emails__email_list_html_erb__2078785306192131440_23780'
app/views/emails/_email_list.html.erb:2:in `_app_views_emails__email_list_html_erb__2078785306192131440_23780'
app/views/emails/index.html.erb:4:in `_app_views_emails_index_html_erb___3934875526908704665_23760'
Started GET "/" for ::1 at 2020-11-19 10:46:31 +0100
Processing by EmailsController#index as HTML
  Rendering emails/index.html.erb within layouts/application
  [1m[36mEmail Load (0.3ms)[0m  [1m[34mSELECT "emails".* FROM "emails"[0m
  ↳ app/views/emails/_email_list.html.erb:2
  Rendered emails/_email_list.html.erb (1.4ms)
  Rendered emails/index.html.erb within layouts/application (2.4ms)
  Rendered layouts/_navbar.html.erb (1.5ms)
  Rendered layouts/_flash.html.erb (0.5ms)
Completed 200 OK in 32ms (Views: 29.5ms | ActiveRecord: 0.3ms)


Started GET "/" for ::1 at 2020-11-19 10:49:49 +0100
Processing by EmailsController#index as HTML
  Rendering emails/index.html.erb within layouts/application
  [1m[36mEmail Load (0.5ms)[0m  [1m[34mSELECT "emails".* FROM "emails"[0m
  ↳ app/views/emails/_email_list.html.erb:2
  Rendered emails/_email_list.html.erb (2.4ms)
  Rendered emails/index.html.erb within layouts/application (4.0ms)
  Rendered layouts/_navbar.html.erb (0.9ms)
  Rendered layouts/_flash.html.erb (0.3ms)
Completed 200 OK in 41ms (Views: 39.0ms | ActiveRecord: 0.5ms)


Started GET "/" for ::1 at 2020-11-19 10:51:26 +0100
Processing by EmailsController#index as HTML
  Rendering emails/index.html.erb within layouts/application
  [1m[36mEmail Load (0.4ms)[0m  [1m[34mSELECT "emails".* FROM "emails"[0m
  ↳ app/views/emails/_email_list.html.erb:2
  Rendered emails/_email_list.html.erb (3.1ms)
  Rendered emails/index.html.erb within layouts/application (4.5ms)
  Rendered layouts/_navbar.html.erb (0.9ms)
  Rendered layouts/_flash.html.erb (0.3ms)
Completed 200 OK in 32ms (Views: 30.5ms | ActiveRecord: 0.4ms)


Started GET "/" for ::1 at 2020-11-19 10:51:27 +0100
Processing by EmailsController#index as HTML
  Rendering emails/index.html.erb within layouts/application
  [1m[36mEmail Load (0.3ms)[0m  [1m[34mSELECT "emails".* FROM "emails"[0m
  ↳ app/views/emails/_email_list.html.erb:2
  Rendered emails/_email_list.html.erb (1.3ms)
  Rendered emails/index.html.erb within layouts/application (1.9ms)
  Rendered layouts/_navbar.html.erb (0.9ms)
  Rendered layouts/_flash.html.erb (0.4ms)
Completed 200 OK in 32ms (Views: 30.6ms | ActiveRecord: 0.3ms)


Started GET "/" for ::1 at 2020-11-19 10:51:34 +0100
Processing by EmailsController#index as HTML
  Rendering emails/index.html.erb within layouts/application
  Rendered emails/index.html.erb within layouts/application (0.4ms)
  Rendered layouts/_navbar.html.erb (1.0ms)
  Rendered layouts/_flash.html.erb (0.5ms)
Completed 200 OK in 32ms (Views: 30.5ms | ActiveRecord: 0.0ms)


Started GET "/" for ::1 at 2020-11-19 10:52:07 +0100
Processing by EmailsController#index as HTML
  Rendering emails/index.html.erb within layouts/application
  [1m[36mEmail Load (0.3ms)[0m  [1m[34mSELECT "emails".* FROM "emails"[0m
  ↳ app/views/emails/_email_list.html.erb:2
  Rendered emails/_email_list.html.erb (1.3ms)
  Rendered emails/index.html.erb within layouts/application (2.0ms)
  Rendered layouts/_navbar.html.erb (1.1ms)
  Rendered layouts/_flash.html.erb (0.4ms)
Completed 200 OK in 35ms (Views: 33.8ms | ActiveRecord: 0.3ms)


Started GET "/" for ::1 at 2020-11-19 11:01:11 +0100
Processing by EmailsController#index as HTML
  Rendering emails/index.html.erb within layouts/application
  [1m[36mEmail Load (1.4ms)[0m  [1m[34mSELECT "emails".* FROM "emails"[0m
  ↳ app/views/emails/_email_list.html.erb:2
  Rendered emails/_email_list.html.erb (4.0ms)
  Rendered emails/index.html.erb within layouts/application (4.9ms)
  Rendered layouts/_navbar.html.erb (1.5ms)
  Rendered layouts/_flash.html.erb (0.4ms)
Completed 200 OK in 34ms (Views: 31.4ms | ActiveRecord: 1.4ms)


Started GET "/" for ::1 at 2020-11-19 11:01:48 +0100
Processing by EmailsController#index as HTML
  Rendering emails/index.html.erb within layouts/application
  [1m[36mEmail Load (0.4ms)[0m  [1m[34mSELECT "emails".* FROM "emails"[0m
  ↳ app/views/emails/_email_list.html.erb:2
  Rendered emails/_email_list.html.erb (1.6ms)
  Rendered emails/index.html.erb within layouts/application (2.6ms)
  Rendered layouts/_navbar.html.erb (0.8ms)
  Rendered layouts/_flash.html.erb (0.5ms)
Completed 200 OK in 35ms (Views: 33.6ms | ActiveRecord: 0.4ms)


Started GET "/" for ::1 at 2020-11-19 11:01:50 +0100
Processing by EmailsController#index as HTML
  Rendering emails/index.html.erb within layouts/application
  [1m[36mEmail Load (0.4ms)[0m  [1m[34mSELECT "emails".* FROM "emails"[0m
  ↳ app/views/emails/_email_list.html.erb:2
  Rendered emails/_email_list.html.erb (2.6ms)
  Rendered emails/index.html.erb within layouts/application (4.2ms)
  Rendered layouts/_navbar.html.erb (0.9ms)
  Rendered layouts/_flash.html.erb (0.3ms)
Completed 200 OK in 42ms (Views: 39.9ms | ActiveRecord: 0.4ms)


Started GET "/" for ::1 at 2020-11-19 11:01:55 +0100
Processing by EmailsController#index as HTML
  Rendering emails/index.html.erb within layouts/application
  [1m[36mEmail Load (0.3ms)[0m  [1m[34mSELECT "emails".* FROM "emails"[0m
  ↳ app/views/emails/_email_list.html.erb:2
  Rendered emails/_email_list.html.erb (1.8ms)
  Rendered emails/index.html.erb within layouts/application (2.7ms)
  Rendered layouts/_navbar.html.erb (2.3ms)
  Rendered layouts/_flash.html.erb (0.4ms)
Completed 200 OK in 37ms (Views: 35.0ms | ActiveRecord: 0.3ms)


Started GET "/" for ::1 at 2020-11-19 11:02:24 +0100
Processing by EmailsController#index as HTML
  Rendering emails/index.html.erb within layouts/application
  [1m[36mEmail Load (0.4ms)[0m  [1m[34mSELECT "emails".* FROM "emails"[0m
  ↳ app/views/emails/_email_list.html.erb:2
  Rendered emails/_email_list.html.erb (2.4ms)
  Rendered emails/index.html.erb within layouts/application (3.8ms)
  Rendered layouts/_navbar.html.erb (1.3ms)
  Rendered layouts/_flash.html.erb (0.7ms)
Completed 200 OK in 37ms (Views: 34.6ms | ActiveRecord: 0.4ms)


Started GET "/" for ::1 at 2020-11-19 11:02:32 +0100
Processing by EmailsController#index as HTML
  Rendering emails/index.html.erb within layouts/application
  [1m[36mEmail Load (0.4ms)[0m  [1m[34mSELECT "emails".* FROM "emails"[0m
  ↳ app/views/emails/_email_list.html.erb:2
  Rendered emails/_email_list.html.erb (2.5ms)
  Rendered emails/index.html.erb within layouts/application (3.7ms)
  Rendered layouts/_navbar.html.erb (0.9ms)
  Rendered layouts/_flash.html.erb (0.4ms)
Completed 200 OK in 31ms (Views: 28.8ms | ActiveRecord: 0.4ms)


Started GET "/" for ::1 at 2020-11-19 11:03:01 +0100
Processing by EmailsController#index as HTML
  Rendering emails/index.html.erb within layouts/application
  [1m[36mEmail Load (0.4ms)[0m  [1m[34mSELECT "emails".* FROM "emails"[0m
  ↳ app/views/emails/_email_list.html.erb:2
  Rendered emails/_email_list.html.erb (2.5ms)
  Rendered emails/index.html.erb within layouts/application (3.8ms)
  Rendered layouts/_navbar.html.erb (1.4ms)
  Rendered layouts/_flash.html.erb (0.5ms)
Completed 200 OK in 43ms (Views: 40.5ms | ActiveRecord: 0.4ms)


Started GET "/" for ::1 at 2020-11-19 11:03:12 +0100
Processing by EmailsController#index as HTML
  Rendering emails/index.html.erb within layouts/application
  [1m[36mEmail Load (0.5ms)[0m  [1m[34mSELECT "emails".* FROM "emails"[0m
  ↳ app/views/emails/_email_list.html.erb:2
  Rendered emails/_email_list.html.erb (2.9ms)
  Rendered emails/index.html.erb within layouts/application (4.3ms)
  Rendered layouts/_navbar.html.erb (1.1ms)
  Rendered layouts/_flash.html.erb (0.4ms)
Completed 200 OK in 36ms (Views: 33.9ms | ActiveRecord: 0.5ms)


Started GET "/" for ::1 at 2020-11-19 11:05:44 +0100
Processing by EmailsController#index as HTML
  Rendering emails/index.html.erb within layouts/application
  [1m[36mEmail Load (0.5ms)[0m  [1m[34mSELECT "emails".* FROM "emails"[0m
  ↳ app/views/emails/_email_list.html.erb:2
  Rendered emails/_email_list.html.erb (3.1ms)
  Rendered emails/index.html.erb within layouts/application (5.0ms)
  Rendered layouts/_navbar.html.erb (0.9ms)
  Rendered layouts/_flash.html.erb (0.3ms)
Completed 200 OK in 34ms (Views: 32.2ms | ActiveRecord: 0.5ms)


Started GET "/" for ::1 at 2020-11-19 11:06:19 +0100
Processing by EmailsController#index as HTML
  Rendering emails/index.html.erb within layouts/application
  [1m[36mEmail Load (0.4ms)[0m  [1m[34mSELECT "emails".* FROM "emails"[0m
  ↳ app/views/emails/_email_list.html.erb:2
  Rendered emails/_email_list.html.erb (2.1ms)
  Rendered emails/index.html.erb within layouts/application (3.3ms)
  Rendered layouts/_navbar.html.erb (1.0ms)
  Rendered layouts/_flash.html.erb (0.4ms)
Completed 200 OK in 36ms (Views: 33.8ms | ActiveRecord: 0.4ms)


Started GET "/" for ::1 at 2020-11-19 11:06:32 +0100
Processing by EmailsController#index as HTML
  Rendering emails/index.html.erb within layouts/application
  [1m[36mEmail Load (0.3ms)[0m  [1m[34mSELECT "emails".* FROM "emails"[0m
  ↳ app/views/emails/_email_list.html.erb:2
  Rendered emails/_email_list.html.erb (1.3ms)
  Rendered emails/index.html.erb within layouts/application (2.0ms)
  Rendered layouts/_navbar.html.erb (1.3ms)
  Rendered layouts/_flash.html.erb (0.3ms)
Completed 200 OK in 35ms (Views: 28.5ms | ActiveRecord: 0.3ms)


Started GET "/" for ::1 at 2020-11-19 11:07:41 +0100
Processing by EmailsController#index as HTML
  Rendering emails/index.html.erb within layouts/application
  [1m[36mEmail Load (0.7ms)[0m  [1m[34mSELECT "emails".* FROM "emails"[0m
  ↳ app/views/emails/_email_list.html.erb:2
  Rendered emails/_email_list.html.erb (2.8ms)
  Rendered emails/index.html.erb within layouts/application (3.8ms)
  Rendered layouts/_navbar.html.erb (1.1ms)
  Rendered layouts/_flash.html.erb (0.4ms)
Completed 200 OK in 33ms (Views: 30.9ms | ActiveRecord: 0.7ms)


Started GET "/" for ::1 at 2020-11-19 11:12:13 +0100
Processing by EmailsController#index as HTML
  Rendering emails/index.html.erb within layouts/application
  Rendered emails/_email_list.html.erb (0.8ms)
  Rendered emails/index.html.erb within layouts/application (2.0ms)
Completed 500 Internal Server Error in 7ms (ActiveRecord: 0.0ms)


  
SyntaxError (/home/miaouss/Desktop/todo-list-ajax/app/views/emails/_email_list.html.erb:9: syntax error, unexpected '=', expecting `end'
                =begin
                ^
/home/miaouss/Desktop/todo-list-ajax/app/views/emails/_email_list.html.erb:12: syntax error, unexpected '=', expecting `end'
                =end
                ^
):
  
app/views/emails/_email_list.html.erb:9: syntax error, unexpected '=', expecting `end'
app/views/emails/_email_list.html.erb:12: syntax error, unexpected '=', expecting `end'
app/views/emails/index.html.erb:4:in `_app_views_emails_index_html_erb___3934875526908704665_26860'
Started GET "/" for ::1 at 2020-11-19 11:12:35 +0100
Processing by EmailsController#index as HTML
  Rendering emails/index.html.erb within layouts/application
  [1m[36mEmail Load (0.4ms)[0m  [1m[34mSELECT "emails".* FROM "emails"[0m
  ↳ app/views/emails/_email_list.html.erb:4
  Rendered emails/_email_list.html.erb (209.0ms)
  Rendered emails/index.html.erb within layouts/application (210.9ms)
Completed 500 Internal Server Error in 215ms (ActiveRecord: 0.4ms)


  
ActionView::Template::Error (undefined local variable or method `task' for #<#<Class:0x00007f803d8e2640>:0x00007f803d833550>):
     5:             <div class="col py-2 border">
     6:                 <li class="list-group-item border">
     7:                     <u>Object</u> : <%= email.object %>,
     8:                 <%= link_to "Edit this task", edit_task_path(task) %> 
     9:                     </li>
    10:             </div>
    11:             <% end %>
  
app/views/emails/_email_list.html.erb:8:in `block in _app_views_emails__email_list_html_erb__2078785306192131440_27420'
app/views/emails/_email_list.html.erb:4:in `_app_views_emails__email_list_html_erb__2078785306192131440_27420'
app/views/emails/index.html.erb:4:in `_app_views_emails_index_html_erb___3934875526908704665_27400'
Started GET "/" for ::1 at 2020-11-19 11:12:53 +0100
Processing by EmailsController#index as HTML
  Rendering emails/index.html.erb within layouts/application
  [1m[36mEmail Load (0.4ms)[0m  [1m[34mSELECT "emails".* FROM "emails"[0m
  ↳ app/views/emails/_email_list.html.erb:4
  Rendered emails/_email_list.html.erb (1.9ms)
  Rendered emails/index.html.erb within layouts/application (3.2ms)
  Rendered layouts/_navbar.html.erb (1.2ms)
  Rendered layouts/_flash.html.erb (0.3ms)
Completed 200 OK in 38ms (Views: 36.0ms | ActiveRecord: 0.4ms)


Started GET "/" for ::1 at 2020-11-19 11:13:07 +0100
Processing by EmailsController#index as HTML
  Rendering emails/index.html.erb within layouts/application
  [1m[36mEmail Load (0.5ms)[0m  [1m[34mSELECT "emails".* FROM "emails"[0m
  ↳ app/views/emails/_email_list.html.erb:4
  Rendered emails/_email_list.html.erb (2.8ms)
  Rendered emails/index.html.erb within layouts/application (4.4ms)
  Rendered layouts/_navbar.html.erb (1.3ms)
  Rendered layouts/_flash.html.erb (0.6ms)
Completed 200 OK in 46ms (Views: 43.9ms | ActiveRecord: 0.5ms)


Started GET "/" for ::1 at 2020-11-19 11:13:24 +0100
Processing by EmailsController#index as HTML
  Rendering emails/index.html.erb within layouts/application
  [1m[36mEmail Load (0.6ms)[0m  [1m[34mSELECT "emails".* FROM "emails"[0m
  ↳ app/views/emails/_email_list.html.erb:4
  Rendered emails/_email_list.html.erb (2.7ms)
  Rendered emails/index.html.erb within layouts/application (3.9ms)
  Rendered layouts/_navbar.html.erb (0.9ms)
  Rendered layouts/_flash.html.erb (0.4ms)
Completed 200 OK in 32ms (Views: 29.8ms | ActiveRecord: 0.6ms)


Started GET "/" for ::1 at 2020-11-19 11:15:39 +0100
Processing by EmailsController#index as HTML
  Rendering emails/index.html.erb within layouts/application
  [1m[36mEmail Load (0.4ms)[0m  [1m[34mSELECT "emails".* FROM "emails"[0m
  ↳ app/views/emails/_email_list.html.erb:3
  Rendered emails/_email_list.html.erb (1.9ms)
  Rendered emails/index.html.erb within layouts/application (3.4ms)
  Rendered layouts/_navbar.html.erb (0.9ms)
  Rendered layouts/_flash.html.erb (0.3ms)
Completed 200 OK in 33ms (Views: 31.5ms | ActiveRecord: 0.4ms)


Started GET "/" for ::1 at 2020-11-19 11:16:03 +0100
Processing by EmailsController#index as HTML
  Rendering emails/index.html.erb within layouts/application
  [1m[36mEmail Load (0.6ms)[0m  [1m[34mSELECT "emails".* FROM "emails"[0m
  ↳ app/views/emails/_email_list.html.erb:3
  Rendered emails/_email_list.html.erb (3.0ms)
  Rendered emails/index.html.erb within layouts/application (4.9ms)
  Rendered layouts/_navbar.html.erb (1.3ms)
  Rendered layouts/_flash.html.erb (0.5ms)
Completed 200 OK in 36ms (Views: 34.1ms | ActiveRecord: 0.6ms)


Started GET "/" for ::1 at 2020-11-19 11:23:58 +0100
Processing by EmailsController#index as HTML
  Rendering emails/index.html.erb within layouts/application
  [1m[36mEmail Load (0.7ms)[0m  [1m[34mSELECT "emails".* FROM "emails"[0m
  ↳ app/views/emails/_email_list.html.erb:3
  Rendered emails/_email_list.html.erb (16.8ms)
  Rendered emails/index.html.erb within layouts/application (18.1ms)
  Rendered layouts/_navbar.html.erb (1.5ms)
  Rendered layouts/_flash.html.erb (0.4ms)
Completed 200 OK in 47ms (Views: 37.2ms | ActiveRecord: 8.4ms)


Started POST "/emails" for ::1 at 2020-11-19 11:24:00 +0100
Processing by EmailsController#create as HTML
  Parameters: {"authenticity_token"=>"CV/lxrP/KYi6M9WKUXHY9nHBrWj1WZgCHaQg7+p9HgdIn511qkxI0s3K6sFzgBD/yYLNKawZUjToY24N1/YyFw=="}
  [1m[35m (0.1ms)[0m  [1m[35mBEGIN[0m
  ↳ app/controllers/emails_controller.rb:7
  [1m[36mEmail Create (0.6ms)[0m  [1m[32mINSERT INTO "emails" ("object", "body", "created_at", "updated_at") VALUES ($1, $2, $3, $4) RETURNING "id"[0m  [["object", "Gone with the Wind"], ["body", "I love the smell of napalm in the morning."], ["created_at", "2020-11-19 10:24:01.005865"], ["updated_at", "2020-11-19 10:24:01.005865"]]
  ↳ app/controllers/emails_controller.rb:7
  [1m[35m (12.0ms)[0m  [1m[35mCOMMIT[0m
  ↳ app/controllers/emails_controller.rb:7
No template found for EmailsController#create, rendering head :no_content
Completed 204 No Content in 195ms (ActiveRecord: 12.8ms)


Started GET "/" for ::1 at 2020-11-19 11:24:06 +0100
Processing by EmailsController#index as HTML
  Rendering emails/index.html.erb within layouts/application
  [1m[36mEmail Load (0.4ms)[0m  [1m[34mSELECT "emails".* FROM "emails"[0m
  ↳ app/views/emails/_email_list.html.erb:3
  Rendered emails/_email_list.html.erb (1.8ms)
  Rendered emails/index.html.erb within layouts/application (4.1ms)
  Rendered layouts/_navbar.html.erb (0.8ms)
  Rendered layouts/_flash.html.erb (0.3ms)
Completed 200 OK in 28ms (Views: 25.2ms | ActiveRecord: 0.4ms)


Started GET "/" for ::1 at 2020-11-19 11:39:22 +0100
  
SyntaxError (/home/miaouss/Desktop/todo-list-ajax/app/controllers/emails_controller.rb:16: syntax error, unexpected end-of-input, expecting `end'):
  
app/controllers/emails_controller.rb:16: syntax error, unexpected end-of-input, expecting `end'
Started GET "/" for ::1 at 2020-11-19 11:39:38 +0100
Processing by EmailsController#index as HTML
  Rendering emails/index.html.erb within layouts/application
  [1m[36mEmail Load (0.7ms)[0m  [1m[34mSELECT "emails".* FROM "emails"[0m
  ↳ app/views/emails/_email_list.html.erb:3
  Rendered emails/_email_list.html.erb (17.8ms)
  Rendered emails/index.html.erb within layouts/application (19.2ms)
  Rendered layouts/_navbar.html.erb (1.4ms)
  Rendered layouts/_flash.html.erb (0.5ms)
Completed 200 OK in 44ms (Views: 33.4ms | ActiveRecord: 8.9ms)


Started POST "/emails" for ::1 at 2020-11-19 11:39:40 +0100
Processing by EmailsController#create as JS
  [1m[35m (0.2ms)[0m  [1m[35mBEGIN[0m
  ↳ app/controllers/emails_controller.rb:8
  [1m[36mEmail Create (0.5ms)[0m  [1m[32mINSERT INTO "emails" ("object", "body", "created_at", "updated_at") VALUES ($1, $2, $3, $4) RETURNING "id"[0m  [["object", "The Matrix"], ["body", "Frankly, my dear, I don’t give a damn."], ["created_at", "2020-11-19 10:39:40.607066"], ["updated_at", "2020-11-19 10:39:40.607066"]]
  ↳ app/controllers/emails_controller.rb:8
  [1m[35m (7.1ms)[0m  [1m[35mCOMMIT[0m
  ↳ app/controllers/emails_controller.rb:8
  Rendering emails/create.js.erb
  Rendered emails/create.js.erb (3.9ms)
Completed 500 Internal Server Error in 19ms (ActiveRecord: 7.8ms)


  
ActionView::Template::Error (Missing partial emails/_email, application/_email with {:locale=>[:en], :formats=>[:js, :html], :variants=>[], :handlers=>[:raw, :erb, :html, :builder, :ruby, :coffee, :jbuilder]}. Searched in:
  * "/home/miaouss/Desktop/todo-list-ajax/app/views"
  * "/home/miaouss/.rvm/gems/ruby-2.7.1/gems/devise-4.7.3/app/views"
):
    1: document.getElementById("email.id").insertAdjacentHTML("beforeend", "<li> <%= j render 'email', email: @email %> </li>");
  
app/views/emails/create.js.erb:1:in `_app_views_emails_create_js_erb___252562695722818265_43920'
Started GET "/" for ::1 at 2020-11-19 11:39:43 +0100
Processing by EmailsController#index as HTML
  Rendering emails/index.html.erb within layouts/application
  [1m[36mEmail Load (0.7ms)[0m  [1m[34mSELECT "emails".* FROM "emails"[0m
  ↳ app/views/emails/_email_list.html.erb:3
  Rendered emails/_email_list.html.erb (4.8ms)
  Rendered emails/index.html.erb within layouts/application (7.4ms)
  Rendered layouts/_navbar.html.erb (0.9ms)
  Rendered layouts/_flash.html.erb (0.8ms)
Completed 200 OK in 38ms (Views: 35.5ms | ActiveRecord: 0.7ms)


Started GET "/" for ::1 at 2020-11-19 11:45:05 +0100
Processing by EmailsController#index as HTML
  Rendering emails/index.html.erb within layouts/application
  [1m[36mEmail Load (0.8ms)[0m  [1m[34mSELECT "emails".* FROM "emails"[0m
  ↳ app/views/emails/_email_list.html.erb:3
  Rendered emails/_email_list.html.erb (2.8ms)
  Rendered emails/index.html.erb within layouts/application (4.4ms)
  Rendered layouts/_navbar.html.erb (1.4ms)
  Rendered layouts/_flash.html.erb (0.5ms)
Completed 200 OK in 33ms (Views: 30.5ms | ActiveRecord: 0.8ms)


Started POST "/emails" for ::1 at 2020-11-19 11:45:09 +0100
Processing by EmailsController#create as JS
  [1m[35m (0.2ms)[0m  [1m[35mBEGIN[0m
  ↳ app/controllers/emails_controller.rb:8
  [1m[36mEmail Create (0.6ms)[0m  [1m[32mINSERT INTO "emails" ("object", "body", "created_at", "updated_at") VALUES ($1, $2, $3, $4) RETURNING "id"[0m  [["object", "Sunrise: A Song of Two Humans"], ["body", "All right, Mr. DeMille, I'm ready for my closeup."], ["created_at", "2020-11-19 10:45:09.118937"], ["updated_at", "2020-11-19 10:45:09.118937"]]
  ↳ app/controllers/emails_controller.rb:8
  [1m[35m (2.7ms)[0m  [1m[35mCOMMIT[0m
  ↳ app/controllers/emails_controller.rb:8
  Rendering emails/create.js.erb
  Rendered emails/create.js.erb (3.2ms)
Completed 500 Internal Server Error in 15ms (ActiveRecord: 3.5ms)


  
ActionView::Template::Error (Missing partial emails/_email, application/_email with {:locale=>[:en], :formats=>[:js, :html], :variants=>[], :handlers=>[:raw, :erb, :html, :builder, :ruby, :coffee, :jbuilder]}. Searched in:
  * "/home/miaouss/Desktop/todo-list-ajax/app/views"
  * "/home/miaouss/.rvm/gems/ruby-2.7.1/gems/devise-4.7.3/app/views"
):
    1: document.getElementById("email_item").insertAdjacentHTML("beforeend", "<li> <%= j render 'email', email: @email %> </li>");
  
app/views/emails/create.js.erb:1:in `_app_views_emails_create_js_erb___252562695722818265_44400'
Started GET "/" for ::1 at 2020-11-19 11:48:08 +0100
Processing by EmailsController#index as HTML
  Rendering emails/index.html.erb within layouts/application
  [1m[36mEmail Load (0.9ms)[0m  [1m[34mSELECT "emails".* FROM "emails"[0m
  ↳ app/views/emails/_email_list.html.erb:3
  Rendered emails/_email_list.html.erb (4.5ms)
  Rendered emails/index.html.erb within layouts/application (7.4ms)
  Rendered layouts/_navbar.html.erb (1.0ms)
  Rendered layouts/_flash.html.erb (0.7ms)
Completed 200 OK in 45ms (Views: 41.7ms | ActiveRecord: 0.9ms)


Started POST "/emails" for ::1 at 2020-11-19 11:48:11 +0100
Processing by EmailsController#create as JS
  [1m[35m (0.2ms)[0m  [1m[35mBEGIN[0m
  ↳ app/controllers/emails_controller.rb:8
  [1m[36mEmail Create (0.5ms)[0m  [1m[32mINSERT INTO "emails" ("object", "body", "created_at", "updated_at") VALUES ($1, $2, $3, $4) RETURNING "id"[0m  [["object", "Star Wars: Episode V - The Empire Strikes Back"], ["body", "I love the smell of napalm in the morning."], ["created_at", "2020-11-19 10:48:11.629318"], ["updated_at", "2020-11-19 10:48:11.629318"]]
  ↳ app/controllers/emails_controller.rb:8
  [1m[35m (15.6ms)[0m  [1m[35mCOMMIT[0m
  ↳ app/controllers/emails_controller.rb:8
  Rendering emails/create.js.erb
  Rendered emails/create.js.erb (3.2ms)
Completed 500 Internal Server Error in 25ms (ActiveRecord: 16.2ms)


  
ActionView::Template::Error (Missing partial emails/_email, application/_email with {:locale=>[:en], :formats=>[:js, :html], :variants=>[], :handlers=>[:raw, :erb, :html, :builder, :ruby, :coffee, :jbuilder]}. Searched in:
  * "/home/miaouss/Desktop/todo-list-ajax/app/views"
  * "/home/miaouss/.rvm/gems/ruby-2.7.1/gems/devise-4.7.3/app/views"
):
    1: document.getElementById("email_item").insertAdjacentHTML("beforeend", "<li> <%= j render 'email', email: @email %> </li>");
  
app/views/emails/create.js.erb:1:in `_app_views_emails_create_js_erb___252562695722818265_44720'
Started GET "/" for ::1 at 2020-11-19 11:50:36 +0100
Processing by EmailsController#index as HTML
  Rendering emails/index.html.erb within layouts/application
  [1m[36mEmail Load (0.4ms)[0m  [1m[34mSELECT "emails".* FROM "emails"[0m
  ↳ app/views/emails/_email_list.html.erb:3
  Rendered emails/_email_list.html.erb (2.2ms)
  Rendered emails/index.html.erb within layouts/application (6.1ms)
  Rendered layouts/_navbar.html.erb (0.9ms)
  Rendered layouts/_flash.html.erb (0.3ms)
Completed 200 OK in 30ms (Views: 29.2ms | ActiveRecord: 0.4ms)


Started POST "/emails" for ::1 at 2020-11-19 11:50:39 +0100
Processing by EmailsController#create as JS
  [1m[35m (0.2ms)[0m  [1m[35mBEGIN[0m
  ↳ app/controllers/emails_controller.rb:8
  [1m[36mEmail Create (0.5ms)[0m  [1m[32mINSERT INTO "emails" ("object", "body", "created_at", "updated_at") VALUES ($1, $2, $3, $4) RETURNING "id"[0m  [["object", "Cool Hand Luke"], ["body", "What we've got here is failure to communicate."], ["created_at", "2020-11-19 10:50:39.220221"], ["updated_at", "2020-11-19 10:50:39.220221"]]
  ↳ app/controllers/emails_controller.rb:8
  [1m[35m (6.6ms)[0m  [1m[35mCOMMIT[0m
  ↳ app/controllers/emails_controller.rb:8
  Rendering emails/create.js.erb
  Rendered emails/create.js.erb (3.6ms)
Completed 500 Internal Server Error in 18ms (ActiveRecord: 7.2ms)


  
ActionView::Template::Error (Missing partial emails/_email, application/_email with {:locale=>[:en], :formats=>[:js, :html], :variants=>[], :handlers=>[:raw, :erb, :html, :builder, :ruby, :coffee, :jbuilder]}. Searched in:
  * "/home/miaouss/Desktop/todo-list-ajax/app/views"
  * "/home/miaouss/.rvm/gems/ruby-2.7.1/gems/devise-4.7.3/app/views"
):
    1: document.getElementById("email_item").insertAdjacentHTML("beforeend", "<li> <%= j render 'email', email: @email %> </li>");
    2: console.log("ça marche ?");
  
app/views/emails/create.js.erb:1:in `_app_views_emails_create_js_erb___252562695722818265_45040'
Started GET "/" for ::1 at 2020-11-19 11:52:27 +0100
Processing by EmailsController#index as HTML
  Rendering emails/index.html.erb within layouts/application
  [1m[36mEmail Load (0.3ms)[0m  [1m[34mSELECT "emails".* FROM "emails"[0m
  ↳ app/views/emails/_email_list.html.erb:3
  Rendered emails/_email_list.html.erb (16.7ms)
  Rendered emails/index.html.erb within layouts/application (18.0ms)
  Rendered layouts/_navbar.html.erb (1.0ms)
  Rendered layouts/_flash.html.erb (0.4ms)
Completed 200 OK in 51ms (Views: 40.8ms | ActiveRecord: 8.2ms)


Started POST "/emails" for ::1 at 2020-11-19 11:52:28 +0100
Processing by EmailsController#create as JS
  [1m[35m (0.2ms)[0m  [1m[35mBEGIN[0m
  ↳ app/controllers/emails_controller.rb:8
  [1m[36mEmail Create (0.4ms)[0m  [1m[32mINSERT INTO "emails" ("object", "body", "created_at", "updated_at") VALUES ($1, $2, $3, $4) RETURNING "id"[0m  [["object", "Room"], ["body", "Fasten your seatbelts. It's going to be a bumpy night."], ["created_at", "2020-11-19 10:52:28.859903"], ["updated_at", "2020-11-19 10:52:28.859903"]]
  ↳ app/controllers/emails_controller.rb:8
  [1m[35m (12.2ms)[0m  [1m[35mCOMMIT[0m
  ↳ app/controllers/emails_controller.rb:8
  Rendering emails/create.js.erb
  Rendered emails/create.js.erb (4.5ms)
Completed 500 Internal Server Error in 25ms (ActiveRecord: 12.9ms)


  
ActionView::Template::Error (Missing partial emails/_email, application/_email with {:locale=>[:en], :formats=>[:js, :html], :variants=>[], :handlers=>[:raw, :erb, :html, :builder, :ruby, :coffee, :jbuilder]}. Searched in:
  * "/home/miaouss/Desktop/todo-list-ajax/app/views"
  * "/home/miaouss/.rvm/gems/ruby-2.7.1/gems/devise-4.7.3/app/views"
):
    1: document.getElementById("email-item").insertAdjacentHTML("beforeend", "<li> <%= j render 'email', email: @email %> </li>");
    2: console.log("ça marche ?");
  
app/views/emails/create.js.erb:1:in `_app_views_emails_create_js_erb___252562695722818265_50000'
Started GET "/" for ::1 at 2020-11-19 11:54:24 +0100
Processing by EmailsController#index as HTML
  Rendering emails/index.html.erb within layouts/application
  [1m[36mEmail Load (0.8ms)[0m  [1m[34mSELECT "emails".* FROM "emails"[0m
  ↳ app/views/emails/_email_list.html.erb:3
  Rendered emails/_email_list.html.erb (3.0ms)
  Rendered emails/index.html.erb within layouts/application (5.3ms)
  Rendered layouts/_navbar.html.erb (0.8ms)
  Rendered layouts/_flash.html.erb (0.3ms)
Completed 200 OK in 31ms (Views: 28.7ms | ActiveRecord: 0.8ms)


Started POST "/emails" for ::1 at 2020-11-19 11:54:27 +0100
Processing by EmailsController#create as JS
  [1m[35m (0.2ms)[0m  [1m[35mBEGIN[0m
  ↳ app/controllers/emails_controller.rb:8
  [1m[36mEmail Create (0.4ms)[0m  [1m[32mINSERT INTO "emails" ("object", "body", "created_at", "updated_at") VALUES ($1, $2, $3, $4) RETURNING "id"[0m  [["object", "Lawrence of Arabia"], ["body", "All right, Mr. DeMille, I'm ready for my closeup."], ["created_at", "2020-11-19 10:54:27.099969"], ["updated_at", "2020-11-19 10:54:27.099969"]]
  ↳ app/controllers/emails_controller.rb:8
  [1m[35m (14.4ms)[0m  [1m[35mCOMMIT[0m
  ↳ app/controllers/emails_controller.rb:8
  Rendering emails/create.js.erb
  Rendered emails/create.js.erb (3.4ms)
Completed 500 Internal Server Error in 27ms (ActiveRecord: 15.0ms)


  
ActionView::Template::Error (Missing partial emails/_email, application/_email with {:locale=>[:en], :formats=>[:js, :html], :variants=>[], :handlers=>[:raw, :erb, :html, :builder, :ruby, :coffee, :jbuilder]}. Searched in:
  * "/home/miaouss/Desktop/todo-list-ajax/app/views"
  * "/home/miaouss/.rvm/gems/ruby-2.7.1/gems/devise-4.7.3/app/views"
):
    1: //document.getElementById("email-item").insertAdjacentHTML("beforeend", "<li> <%= j render 'email', email: @email %> </li>");
    2: console.log("ça marche ?");
    3: alert("le fichier JS est exécuté!");
  
app/views/emails/create.js.erb:1:in `_app_views_emails_create_js_erb___252562695722818265_50320'
Started GET "/" for ::1 at 2020-11-19 11:55:47 +0100
  [1m[35m (0.9ms)[0m  [1m[34mSELECT "schema_migrations"."version" FROM "schema_migrations" ORDER BY "schema_migrations"."version" ASC[0m
  ↳ /home/miaouss/.rvm/gems/ruby-2.7.1/gems/activerecord-5.2.4.4/lib/active_record/log_subscriber.rb:98
Processing by EmailsController#index as HTML
  Rendering emails/index.html.erb within layouts/application
  [1m[36mEmail Load (0.9ms)[0m  [1m[34mSELECT "emails".* FROM "emails"[0m
  ↳ app/views/emails/_email_list.html.erb:3
  Rendered emails/_email_list.html.erb (20.2ms)
  Rendered emails/index.html.erb within layouts/application (22.0ms)
  Rendered layouts/_navbar.html.erb (2.2ms)
  Rendered layouts/_flash.html.erb (0.3ms)
Completed 200 OK in 190ms (Views: 173.5ms | ActiveRecord: 9.0ms)


Started POST "/emails" for ::1 at 2020-11-19 11:55:52 +0100
Processing by EmailsController#create as JS
  [1m[35m (0.2ms)[0m  [1m[35mBEGIN[0m
  ↳ app/controllers/emails_controller.rb:8
  [1m[36mEmail Create (0.5ms)[0m  [1m[32mINSERT INTO "emails" ("object", "body", "created_at", "updated_at") VALUES ($1, $2, $3, $4) RETURNING "id"[0m  [["object", "Casablanca"], ["body", "I love the smell of napalm in the morning."], ["created_at", "2020-11-19 10:55:52.299872"], ["updated_at", "2020-11-19 10:55:52.299872"]]
  ↳ app/controllers/emails_controller.rb:8
  [1m[35m (42.9ms)[0m  [1m[35mCOMMIT[0m
  ↳ app/controllers/emails_controller.rb:8
  Rendering emails/create.js.erb
  Rendered emails/create.js.erb (4.6ms)
Completed 500 Internal Server Error in 240ms (ActiveRecord: 43.6ms)


  
ActionView::Template::Error (Missing partial emails/_email, application/_email with {:locale=>[:en], :formats=>[:js, :html], :variants=>[], :handlers=>[:raw, :erb, :html, :builder, :ruby, :coffee, :jbuilder]}. Searched in:
  * "/home/miaouss/Desktop/todo-list-ajax/app/views"
  * "/home/miaouss/.rvm/gems/ruby-2.7.1/gems/devise-4.7.3/app/views"
):
    1: //document.getElementById("email-item").insertAdjacentHTML("beforeend", "<li> <%= j render 'email', email: @email %> </li>");
    2: console.log("ça marche ?");
    3: alert("le fichier JS est exécuté!");
  
app/views/emails/create.js.erb:1:in `_app_views_emails_create_js_erb__1249669477968736957_20480'
Started GET "/users/sign_in" for ::1 at 2020-11-19 11:56:04 +0100
Processing by Devise::SessionsController#new as HTML
  Rendering devise/sessions/new.html.erb within layouts/application
  Rendered devise/shared/_links.html.erb (1.3ms)
  Rendered devise/sessions/new.html.erb within layouts/application (11.9ms)
  Rendered layouts/_navbar.html.erb (0.8ms)
  Rendered layouts/_flash.html.erb (0.3ms)
Completed 200 OK in 57ms (Views: 36.4ms | ActiveRecord: 6.5ms)


Started POST "/users/sign_in" for ::1 at 2020-11-19 11:56:10 +0100
Processing by Devise::SessionsController#create as HTML
  Parameters: {"utf8"=>"✓", "authenticity_token"=>"Ke2iyAbz65HeWpX4f2AQX6WZ1PTdE4rRv2LL9XLoOxTETeZLfzxFBIyowvLGpOFjMdt6Kipfb6OVjo4rbCVubQ==", "user"=>{"email"=>"clementine.fouque@gmail.com", "password"=>"[FILTERED]", "remember_me"=>"0"}, "commit"=>"Log in"}
  [1m[36mUser Load (0.9ms)[0m  [1m[34mSELECT  "users".* FROM "users" WHERE "users"."email" = $1 ORDER BY "users"."id" ASC LIMIT $2[0m  [["email", "clementine.fouque@gmail.com"], ["LIMIT", 1]]
  ↳ /home/miaouss/.rvm/gems/ruby-2.7.1/gems/activerecord-5.2.4.4/lib/active_record/log_subscriber.rb:98
Redirected to http://localhost:3000/
Completed 302 Found in 113ms (ActiveRecord: 1.3ms)


Started GET "/" for ::1 at 2020-11-19 11:56:10 +0100
Processing by EmailsController#index as HTML
  Rendering emails/index.html.erb within layouts/application
  [1m[36mEmail Load (0.5ms)[0m  [1m[34mSELECT "emails".* FROM "emails"[0m
  ↳ app/views/emails/_email_list.html.erb:3
  Rendered emails/_email_list.html.erb (2.8ms)
  Rendered emails/index.html.erb within layouts/application (5.0ms)
  [1m[36mUser Load (0.3ms)[0m  [1m[34mSELECT  "users".* FROM "users" WHERE "users"."id" = $1 ORDER BY "users"."id" ASC LIMIT $2[0m  [["id", 1], ["LIMIT", 1]]
  ↳ app/views/layouts/_navbar.html.erb:9
  Rendered layouts/_navbar.html.erb (2.4ms)
  Rendered layouts/_flash.html.erb (1.0ms)
Completed 200 OK in 34ms (Views: 31.1ms | ActiveRecord: 0.8ms)


Started POST "/emails" for ::1 at 2020-11-19 11:56:13 +0100
Processing by EmailsController#create as JS
  [1m[35m (0.2ms)[0m  [1m[35mBEGIN[0m
  ↳ app/controllers/emails_controller.rb:8
  [1m[36mEmail Create (0.4ms)[0m  [1m[32mINSERT INTO "emails" ("object", "body", "created_at", "updated_at") VALUES ($1, $2, $3, $4) RETURNING "id"[0m  [["object", "V for Vendetta"], ["body", "Go ahead, make my day."], ["created_at", "2020-11-19 10:56:13.881546"], ["updated_at", "2020-11-19 10:56:13.881546"]]
  ↳ app/controllers/emails_controller.rb:8
  [1m[35m (12.7ms)[0m  [1m[35mCOMMIT[0m
  ↳ app/controllers/emails_controller.rb:8
  Rendering emails/create.js.erb
  Rendered emails/create.js.erb (3.2ms)
Completed 500 Internal Server Error in 24ms (ActiveRecord: 13.3ms)


  
ActionView::Template::Error (Missing partial emails/_email, application/_email with {:locale=>[:en], :formats=>[:js, :html], :variants=>[], :handlers=>[:raw, :erb, :html, :builder, :ruby, :coffee, :jbuilder]}. Searched in:
  * "/home/miaouss/Desktop/todo-list-ajax/app/views"
  * "/home/miaouss/.rvm/gems/ruby-2.7.1/gems/devise-4.7.3/app/views"
):
    1: //document.getElementById("email-item").insertAdjacentHTML("beforeend", "<li> <%= j render 'email', email: @email %> </li>");
    2: console.log("ça marche ?");
    3: alert("le fichier JS est exécuté!");
  
app/views/emails/create.js.erb:1:in `_app_views_emails_create_js_erb__1249669477968736957_21340'
Started GET "/" for ::1 at 2020-11-19 11:56:16 +0100
Processing by EmailsController#index as HTML
  Rendering emails/index.html.erb within layouts/application
  [1m[36mEmail Load (0.3ms)[0m  [1m[34mSELECT "emails".* FROM "emails"[0m
  ↳ app/views/emails/_email_list.html.erb:3
  Rendered emails/_email_list.html.erb (2.1ms)
  Rendered emails/index.html.erb within layouts/application (3.4ms)
  [1m[36mUser Load (0.3ms)[0m  [1m[34mSELECT  "users".* FROM "users" WHERE "users"."id" = $1 ORDER BY "users"."id" ASC LIMIT $2[0m  [["id", 1], ["LIMIT", 1]]
  ↳ app/views/layouts/_navbar.html.erb:9
  Rendered layouts/_navbar.html.erb (2.2ms)
  Rendered layouts/_flash.html.erb (0.3ms)
Completed 200 OK in 35ms (Views: 33.4ms | ActiveRecord: 0.6ms)


Started GET "/" for ::1 at 2020-11-19 12:02:40 +0100
Processing by EmailsController#index as HTML
  Rendering emails/index.html.erb within layouts/application
  [1m[36mEmail Load (0.7ms)[0m  [1m[34mSELECT "emails".* FROM "emails"[0m
  ↳ app/views/emails/_email_list.html.erb:3
  Rendered emails/_email_list.html.erb (1.8ms)
  Rendered emails/index.html.erb within layouts/application (3.3ms)
  [1m[36mUser Load (0.6ms)[0m  [1m[34mSELECT  "users".* FROM "users" WHERE "users"."id" = $1 ORDER BY "users"."id" ASC LIMIT $2[0m  [["id", 1], ["LIMIT", 1]]
  ↳ app/views/layouts/_navbar.html.erb:9
  Rendered layouts/_navbar.html.erb (5.4ms)
  Rendered layouts/_flash.html.erb (0.5ms)
Completed 200 OK in 36ms (Views: 31.1ms | ActiveRecord: 1.6ms)


Started GET "/" for ::1 at 2020-11-19 12:08:37 +0100
Processing by EmailsController#index as HTML
  Rendering emails/index.html.erb within layouts/application
  [1m[36mEmail Load (0.7ms)[0m  [1m[34mSELECT  "emails".* FROM "emails" LIMIT $1[0m  [["LIMIT", 11]]
  ↳ app/views/emails/index.html.erb:4
  [1m[36mCACHE Email Load (0.0ms)[0m  [1m[34mSELECT  "emails".* FROM "emails" LIMIT $1[0m  [["LIMIT", 11]]
  ↳ app/views/emails/index.html.erb:4
  [1m[36mCACHE Email Load (0.0ms)[0m  [1m[34mSELECT  "emails".* FROM "emails" LIMIT $1[0m  [["LIMIT", 11]]
  ↳ app/views/emails/index.html.erb:4
  [1m[36mCACHE Email Load (0.0ms)[0m  [1m[34mSELECT  "emails".* FROM "emails" LIMIT $1[0m  [["LIMIT", 11]]
  ↳ app/views/emails/index.html.erb:4
  [1m[36mCACHE Email Load (0.0ms)[0m  [1m[34mSELECT  "emails".* FROM "emails" LIMIT $1[0m  [["LIMIT", 11]]
  ↳ app/views/emails/index.html.erb:4
  [1m[36mCACHE Email Load (0.0ms)[0m  [1m[34mSELECT  "emails".* FROM "emails" LIMIT $1[0m  [["LIMIT", 11]]
  ↳ app/views/emails/index.html.erb:4
  [1m[36mCACHE Email Load (0.0ms)[0m  [1m[34mSELECT  "emails".* FROM "emails" LIMIT $1[0m  [["LIMIT", 11]]
  ↳ app/views/emails/index.html.erb:4
  [1m[36mCACHE Email Load (0.0ms)[0m  [1m[34mSELECT  "emails".* FROM "emails" LIMIT $1[0m  [["LIMIT", 11]]
  ↳ app/views/emails/index.html.erb:4
  Rendered emails/_email_list.html.erb (243.8ms)
  Rendered emails/index.html.erb within layouts/application (245.9ms)
Completed 500 Internal Server Error in 249ms (ActiveRecord: 1.2ms)


  
ActionView::Template::Error (undefined local variable or method `email' for #<#<Class:0x00007f53ac382690>:0x00007f53983587f0>
Did you mean?  @emails):
    1: 
    2: 
    3:                 <li class="list-group-item">
    4:                     <u>Object</u> : <%= email.object %>,
    5:                 </li>
  
app/views/emails/_email_list.html.erb:4:in `_app_views_emails__email_list_html_erb__3741594357435131636_21840'
app/views/emails/index.html.erb:4:in `_app_views_emails_index_html_erb__2421176844146585980_21820'
Started GET "/" for ::1 at 2020-11-19 12:08:54 +0100
Processing by EmailsController#index as HTML
  Rendering emails/index.html.erb within layouts/application
  [1m[36mEmail Load (0.6ms)[0m  [1m[34mSELECT "emails".* FROM "emails"[0m
  ↳ app/views/emails/_email_list.html.erb:3
  Rendered emails/_email_list.html.erb (3.1ms)
  Rendered emails/index.html.erb within layouts/application (5.8ms)
  [1m[36mUser Load (0.4ms)[0m  [1m[34mSELECT  "users".* FROM "users" WHERE "users"."id" = $1 ORDER BY "users"."id" ASC LIMIT $2[0m  [["id", 1], ["LIMIT", 1]]
  ↳ app/views/layouts/_navbar.html.erb:9
  Rendered layouts/_navbar.html.erb (4.1ms)
  Rendered layouts/_flash.html.erb (0.4ms)
Completed 200 OK in 76ms (Views: 74.1ms | ActiveRecord: 1.0ms)


Started POST "/emails" for ::1 at 2020-11-19 12:09:01 +0100
Processing by EmailsController#create as JS
  [1m[35m (0.1ms)[0m  [1m[35mBEGIN[0m
  ↳ app/controllers/emails_controller.rb:8
  [1m[36mEmail Create (0.4ms)[0m  [1m[32mINSERT INTO "emails" ("object", "body", "created_at", "updated_at") VALUES ($1, $2, $3, $4) RETURNING "id"[0m  [["object", "Star Wars: Episode VIII – The Last Jedi"], ["body", "Toto, I've got a feeling we're not in Kansas anymore."], ["created_at", "2020-11-19 11:09:01.279754"], ["updated_at", "2020-11-19 11:09:01.279754"]]
  ↳ app/controllers/emails_controller.rb:8
  [1m[35m (8.4ms)[0m  [1m[35mCOMMIT[0m
  ↳ app/controllers/emails_controller.rb:8
  Rendering emails/create.js.erb
  Rendered emails/_email.html.erb (0.7ms)
  Rendered emails/create.js.erb (2.5ms)
Completed 200 OK in 18ms (Views: 4.4ms | ActiveRecord: 8.9ms)


Started GET "/" for ::1 at 2020-11-19 12:10:07 +0100
Processing by EmailsController#index as HTML
  Rendering emails/index.html.erb within layouts/application
  [1m[36mEmail Load (0.5ms)[0m  [1m[34mSELECT "emails".* FROM "emails"[0m
  ↳ app/views/emails/_email_list.html.erb:3
  Rendered emails/_email_list.html.erb (3.7ms)
  Rendered emails/index.html.erb within layouts/application (6.3ms)
  [1m[36mUser Load (0.4ms)[0m  [1m[34mSELECT  "users".* FROM "users" WHERE "users"."id" = $1 ORDER BY "users"."id" ASC LIMIT $2[0m  [["id", 1], ["LIMIT", 1]]
  ↳ app/views/layouts/_navbar.html.erb:9
  Rendered layouts/_navbar.html.erb (3.1ms)
  Rendered layouts/_flash.html.erb (0.8ms)
Completed 200 OK in 42ms (Views: 38.7ms | ActiveRecord: 1.0ms)


Started POST "/emails" for ::1 at 2020-11-19 12:10:10 +0100
Processing by EmailsController#create as JS
  [1m[35m (0.1ms)[0m  [1m[35mBEGIN[0m
  ↳ app/controllers/emails_controller.rb:8
  [1m[36mEmail Create (0.4ms)[0m  [1m[32mINSERT INTO "emails" ("object", "body", "created_at", "updated_at") VALUES ($1, $2, $3, $4) RETURNING "id"[0m  [["object", "Citizen Kane"], ["body", "All right, Mr. DeMille, I'm ready for my closeup."], ["created_at", "2020-11-19 11:10:10.404856"], ["updated_at", "2020-11-19 11:10:10.404856"]]
  ↳ app/controllers/emails_controller.rb:8
  [1m[35m (12.7ms)[0m  [1m[35mCOMMIT[0m
  ↳ app/controllers/emails_controller.rb:8
  Rendering emails/create.js.erb
  Rendered emails/_email.html.erb (0.3ms)
  Rendered emails/create.js.erb (1.7ms)
Completed 200 OK in 22ms (Views: 3.3ms | ActiveRecord: 13.3ms)


Started GET "/" for ::1 at 2020-11-19 12:10:21 +0100
Processing by EmailsController#index as HTML
  Rendering emails/index.html.erb within layouts/application
  [1m[36mEmail Load (0.4ms)[0m  [1m[34mSELECT "emails".* FROM "emails"[0m
  ↳ app/views/emails/_email_list.html.erb:3
  Rendered emails/_email_list.html.erb (2.3ms)
  Rendered emails/index.html.erb within layouts/application (4.3ms)
  [1m[36mUser Load (0.6ms)[0m  [1m[34mSELECT  "users".* FROM "users" WHERE "users"."id" = $1 ORDER BY "users"."id" ASC LIMIT $2[0m  [["id", 1], ["LIMIT", 1]]
  ↳ app/views/layouts/_navbar.html.erb:9
  Rendered layouts/_navbar.html.erb (3.3ms)
  Rendered layouts/_flash.html.erb (0.3ms)
Completed 200 OK in 41ms (Views: 38.4ms | ActiveRecord: 0.9ms)


Started POST "/emails" for ::1 at 2020-11-19 12:10:24 +0100
Processing by EmailsController#create as JS
  [1m[35m (0.3ms)[0m  [1m[35mBEGIN[0m
  ↳ app/controllers/emails_controller.rb:8
  [1m[36mEmail Create (0.4ms)[0m  [1m[32mINSERT INTO "emails" ("object", "body", "created_at", "updated_at") VALUES ($1, $2, $3, $4) RETURNING "id"[0m  [["object", "Fargo"], ["body", "Here's looking at you, kid."], ["created_at", "2020-11-19 11:10:24.628480"], ["updated_at", "2020-11-19 11:10:24.628480"]]
  ↳ app/controllers/emails_controller.rb:8
  [1m[35m (12.1ms)[0m  [1m[35mCOMMIT[0m
  ↳ app/controllers/emails_controller.rb:8
  Rendering emails/create.js.erb
  Rendered emails/_email.html.erb (1.0ms)
  Rendered emails/create.js.erb (4.2ms)
Completed 200 OK in 25ms (Views: 8.3ms | ActiveRecord: 12.8ms)


Started GET "/" for ::1 at 2020-11-19 12:10:42 +0100
Processing by EmailsController#index as HTML
  Rendering emails/index.html.erb within layouts/application
  [1m[36mEmail Load (0.5ms)[0m  [1m[34mSELECT "emails".* FROM "emails"[0m
  ↳ app/views/emails/_email_list.html.erb:3
  Rendered emails/_email_list.html.erb (3.6ms)
  Rendered emails/index.html.erb within layouts/application (6.7ms)
  [1m[36mUser Load (0.4ms)[0m  [1m[34mSELECT  "users".* FROM "users" WHERE "users"."id" = $1 ORDER BY "users"."id" ASC LIMIT $2[0m  [["id", 1], ["LIMIT", 1]]
  ↳ app/views/layouts/_navbar.html.erb:9
  Rendered layouts/_navbar.html.erb (3.1ms)
  Rendered layouts/_flash.html.erb (0.9ms)
Completed 200 OK in 45ms (Views: 42.6ms | ActiveRecord: 0.9ms)


Started GET "/" for ::1 at 2020-11-19 12:12:36 +0100
Processing by EmailsController#index as HTML
  Rendering emails/index.html.erb within layouts/application
  [1m[36mEmail Load (0.8ms)[0m  [1m[34mSELECT "emails".* FROM "emails"[0m
  ↳ app/views/emails/index.html.erb:10
  Rendered emails/index.html.erb within layouts/application (4.3ms)
  [1m[36mUser Load (0.3ms)[0m  [1m[34mSELECT  "users".* FROM "users" WHERE "users"."id" = $1 ORDER BY "users"."id" ASC LIMIT $2[0m  [["id", 1], ["LIMIT", 1]]
  ↳ app/views/layouts/_navbar.html.erb:9
  Rendered layouts/_navbar.html.erb (2.3ms)
  Rendered layouts/_flash.html.erb (0.4ms)
Completed 200 OK in 63ms (Views: 60.1ms | ActiveRecord: 1.1ms)


Started POST "/emails" for ::1 at 2020-11-19 12:12:40 +0100
Processing by EmailsController#create as JS
  [1m[35m (0.1ms)[0m  [1m[35mBEGIN[0m
  ↳ app/controllers/emails_controller.rb:8
  [1m[36mEmail Create (0.3ms)[0m  [1m[32mINSERT INTO "emails" ("object", "body", "created_at", "updated_at") VALUES ($1, $2, $3, $4) RETURNING "id"[0m  [["object", "Alien"], ["body", "I'm going to make him an offer he can't refuse."], ["created_at", "2020-11-19 11:12:40.786411"], ["updated_at", "2020-11-19 11:12:40.786411"]]
  ↳ app/controllers/emails_controller.rb:8
  [1m[35m (3.8ms)[0m  [1m[35mCOMMIT[0m
  ↳ app/controllers/emails_controller.rb:8
  Rendering emails/create.js.erb
  Rendered emails/_email.html.erb (0.6ms)
  Rendered emails/create.js.erb (2.2ms)
Completed 200 OK in 13ms (Views: 4.8ms | ActiveRecord: 4.3ms)


Started GET "/" for ::1 at 2020-11-19 12:15:32 +0100
Processing by EmailsController#index as HTML
  Rendering emails/index.html.erb within layouts/application
  [1m[36mEmail Load (0.8ms)[0m  [1m[34mSELECT "emails".* FROM "emails"[0m
  ↳ app/views/emails/index.html.erb:10
  Rendered emails/index.html.erb within layouts/application (3.5ms)
  [1m[36mUser Load (0.3ms)[0m  [1m[34mSELECT  "users".* FROM "users" WHERE "users"."id" = $1 ORDER BY "users"."id" ASC LIMIT $2[0m  [["id", 1], ["LIMIT", 1]]
  ↳ app/views/layouts/_navbar.html.erb:9
  Rendered layouts/_navbar.html.erb (2.7ms)
  Rendered layouts/_flash.html.erb (0.5ms)
Completed 200 OK in 47ms (Views: 44.3ms | ActiveRecord: 1.2ms)


Started POST "/emails" for ::1 at 2020-11-19 12:15:36 +0100
Processing by EmailsController#create as JS
  [1m[35m (0.2ms)[0m  [1m[35mBEGIN[0m
  ↳ app/controllers/emails_controller.rb:8
  [1m[36mEmail Create (0.5ms)[0m  [1m[32mINSERT INTO "emails" ("object", "body", "created_at", "updated_at") VALUES ($1, $2, $3, $4) RETURNING "id"[0m  [["object", "Touch of Evil"], ["body", "You talking to me?"], ["created_at", "2020-11-19 11:15:36.909914"], ["updated_at", "2020-11-19 11:15:36.909914"]]
  ↳ app/controllers/emails_controller.rb:8
  [1m[35m (9.1ms)[0m  [1m[35mCOMMIT[0m
  ↳ app/controllers/emails_controller.rb:8
  Rendering emails/create.js.erb
  Rendered emails/_email.html.erb (0.7ms)
  Rendered emails/create.js.erb (2.8ms)
Completed 200 OK in 21ms (Views: 5.6ms | ActiveRecord: 9.8ms)


Started GET "/" for ::1 at 2020-11-19 12:16:29 +0100
Processing by EmailsController#index as HTML
  Rendering emails/index.html.erb within layouts/application
  [1m[36mEmail Load (0.4ms)[0m  [1m[34mSELECT "emails".* FROM "emails"[0m
  ↳ app/views/emails/index.html.erb:10
  Rendered emails/index.html.erb within layouts/application (3.1ms)
  [1m[36mUser Load (0.3ms)[0m  [1m[34mSELECT  "users".* FROM "users" WHERE "users"."id" = $1 ORDER BY "users"."id" ASC LIMIT $2[0m  [["id", 1], ["LIMIT", 1]]
  ↳ app/views/layouts/_navbar.html.erb:9
  Rendered layouts/_navbar.html.erb (5.1ms)
  Rendered layouts/_flash.html.erb (1.9ms)
Completed 200 OK in 81ms (Views: 78.5ms | ActiveRecord: 0.8ms)


Started POST "/emails" for ::1 at 2020-11-19 12:16:32 +0100
Processing by EmailsController#create as JS
  [1m[35m (0.2ms)[0m  [1m[35mBEGIN[0m
  ↳ app/controllers/emails_controller.rb:8
  [1m[36mEmail Create (0.4ms)[0m  [1m[32mINSERT INTO "emails" ("object", "body", "created_at", "updated_at") VALUES ($1, $2, $3, $4) RETURNING "id"[0m  [["object", "The Grand Budapest Hotel"], ["body", "You talking to me?"], ["created_at", "2020-11-19 11:16:32.887710"], ["updated_at", "2020-11-19 11:16:32.887710"]]
  ↳ app/controllers/emails_controller.rb:8
  [1m[35m (6.2ms)[0m  [1m[35mCOMMIT[0m
  ↳ app/controllers/emails_controller.rb:8
  Rendering emails/create.js.erb
  Rendered emails/_email.html.erb (0.8ms)
  Rendered emails/create.js.erb (2.9ms)
Completed 200 OK in 20ms (Views: 8.1ms | ActiveRecord: 6.8ms)


Started GET "/" for ::1 at 2020-11-19 12:16:57 +0100
Processing by EmailsController#index as HTML
  Rendering emails/index.html.erb within layouts/application
  [1m[36mEmail Load (0.5ms)[0m  [1m[34mSELECT "emails".* FROM "emails"[0m
  ↳ app/views/emails/index.html.erb:10
  Rendered emails/index.html.erb within layouts/application (3.9ms)
  [1m[36mUser Load (0.4ms)[0m  [1m[34mSELECT  "users".* FROM "users" WHERE "users"."id" = $1 ORDER BY "users"."id" ASC LIMIT $2[0m  [["id", 1], ["LIMIT", 1]]
  ↳ app/views/layouts/_navbar.html.erb:9
  Rendered layouts/_navbar.html.erb (2.9ms)
  Rendered layouts/_flash.html.erb (0.9ms)
Completed 200 OK in 50ms (Views: 47.6ms | ActiveRecord: 0.9ms)


Started POST "/emails" for ::1 at 2020-11-19 12:17:00 +0100
Processing by EmailsController#create as JS
  [1m[35m (0.1ms)[0m  [1m[35mBEGIN[0m
  ↳ app/controllers/emails_controller.rb:8
  [1m[36mEmail Create (0.3ms)[0m  [1m[32mINSERT INTO "emails" ("object", "body", "created_at", "updated_at") VALUES ($1, $2, $3, $4) RETURNING "id"[0m  [["object", "Double Indemnity"], ["body", "Fasten your seatbelts. It's going to be a bumpy night."], ["created_at", "2020-11-19 11:17:00.634919"], ["updated_at", "2020-11-19 11:17:00.634919"]]
  ↳ app/controllers/emails_controller.rb:8
  [1m[35m (5.8ms)[0m  [1m[35mCOMMIT[0m
  ↳ app/controllers/emails_controller.rb:8
  Rendering emails/create.js.erb
  Rendered emails/_email.html.erb (1.8ms)
  Rendered emails/create.js.erb (3.5ms)
Completed 200 OK in 20ms (Views: 8.7ms | ActiveRecord: 6.3ms)


Started GET "/" for ::1 at 2020-11-19 12:17:04 +0100
Processing by EmailsController#index as HTML
  Rendering emails/index.html.erb within layouts/application
  [1m[36mEmail Load (0.5ms)[0m  [1m[34mSELECT "emails".* FROM "emails"[0m
  ↳ app/views/emails/index.html.erb:10
  Rendered emails/index.html.erb within layouts/application (2.9ms)
  [1m[36mUser Load (0.2ms)[0m  [1m[34mSELECT  "users".* FROM "users" WHERE "users"."id" = $1 ORDER BY "users"."id" ASC LIMIT $2[0m  [["id", 1], ["LIMIT", 1]]
  ↳ app/views/layouts/_navbar.html.erb:9
  Rendered layouts/_navbar.html.erb (1.9ms)
  Rendered layouts/_flash.html.erb (0.4ms)
Completed 200 OK in 70ms (Views: 66.7ms | ActiveRecord: 0.7ms)


Started GET "/" for ::1 at 2020-11-19 12:17:06 +0100
Processing by EmailsController#index as HTML
  Rendering emails/index.html.erb within layouts/application
  [1m[36mEmail Load (0.5ms)[0m  [1m[34mSELECT "emails".* FROM "emails"[0m
  ↳ app/views/emails/index.html.erb:10
  Rendered emails/index.html.erb within layouts/application (3.5ms)
  [1m[36mUser Load (0.6ms)[0m  [1m[34mSELECT  "users".* FROM "users" WHERE "users"."id" = $1 ORDER BY "users"."id" ASC LIMIT $2[0m  [["id", 1], ["LIMIT", 1]]
  ↳ app/views/layouts/_navbar.html.erb:9
  Rendered layouts/_navbar.html.erb (4.6ms)
  Rendered layouts/_flash.html.erb (0.7ms)
Completed 200 OK in 42ms (Views: 39.5ms | ActiveRecord: 1.1ms)


Started GET "/" for ::1 at 2020-11-19 12:18:49 +0100
Processing by EmailsController#index as HTML
  Rendering emails/index.html.erb within layouts/application
  [1m[36mEmail Load (0.5ms)[0m  [1m[34mSELECT "emails".* FROM "emails"[0m
  ↳ app/views/emails/index.html.erb:8
  Rendered emails/index.html.erb within layouts/application (3.5ms)
  [1m[36mUser Load (0.3ms)[0m  [1m[34mSELECT  "users".* FROM "users" WHERE "users"."id" = $1 ORDER BY "users"."id" ASC LIMIT $2[0m  [["id", 1], ["LIMIT", 1]]
  ↳ app/views/layouts/_navbar.html.erb:9
  Rendered layouts/_navbar.html.erb (2.5ms)
  Rendered layouts/_flash.html.erb (0.4ms)
Completed 200 OK in 38ms (Views: 35.4ms | ActiveRecord: 0.8ms)


Started POST "/emails" for ::1 at 2020-11-19 12:18:52 +0100
Processing by EmailsController#create as JS
  [1m[35m (0.2ms)[0m  [1m[35mBEGIN[0m
  ↳ app/controllers/emails_controller.rb:8
  [1m[36mEmail Create (0.4ms)[0m  [1m[32mINSERT INTO "emails" ("object", "body", "created_at", "updated_at") VALUES ($1, $2, $3, $4) RETURNING "id"[0m  [["object", "Batman Begins"], ["body", "Here's looking at you, kid."], ["created_at", "2020-11-19 11:18:52.093795"], ["updated_at", "2020-11-19 11:18:52.093795"]]
  ↳ app/controllers/emails_controller.rb:8
  [1m[35m (11.7ms)[0m  [1m[35mCOMMIT[0m
  ↳ app/controllers/emails_controller.rb:8
  Rendering emails/create.js.erb
  Rendered emails/_email.html.erb (0.6ms)
  Rendered emails/create.js.erb (2.2ms)
Completed 200 OK in 21ms (Views: 4.6ms | ActiveRecord: 12.3ms)


Started GET "/" for ::1 at 2020-11-19 12:20:39 +0100
Processing by EmailsController#index as HTML
  Rendering emails/index.html.erb within layouts/application
  [1m[36mEmail Load (0.5ms)[0m  [1m[34mSELECT "emails".* FROM "emails"[0m
  ↳ app/views/emails/index.html.erb:11
  Rendered emails/index.html.erb within layouts/application (4.8ms)
  [1m[36mUser Load (0.5ms)[0m  [1m[34mSELECT  "users".* FROM "users" WHERE "users"."id" = $1 ORDER BY "users"."id" ASC LIMIT $2[0m  [["id", 1], ["LIMIT", 1]]
  ↳ app/views/layouts/_navbar.html.erb:9
  Rendered layouts/_navbar.html.erb (3.8ms)
  Rendered layouts/_flash.html.erb (0.6ms)
Completed 200 OK in 55ms (Views: 52.2ms | ActiveRecord: 1.0ms)


Started POST "/emails" for ::1 at 2020-11-19 12:20:40 +0100
Processing by EmailsController#create as JS
  [1m[35m (0.2ms)[0m  [1m[35mBEGIN[0m
  ↳ app/controllers/emails_controller.rb:8
  [1m[36mEmail Create (0.4ms)[0m  [1m[32mINSERT INTO "emails" ("object", "body", "created_at", "updated_at") VALUES ($1, $2, $3, $4) RETURNING "id"[0m  [["object", "Twelve Monkeys"], ["body", "I love the smell of napalm in the morning."], ["created_at", "2020-11-19 11:20:40.749348"], ["updated_at", "2020-11-19 11:20:40.749348"]]
  ↳ app/controllers/emails_controller.rb:8
  [1m[35m (9.5ms)[0m  [1m[35mCOMMIT[0m
  ↳ app/controllers/emails_controller.rb:8
  Rendering emails/create.js.erb
  Rendered emails/_email.html.erb (0.9ms)
  Rendered emails/create.js.erb (3.6ms)
Completed 200 OK in 24ms (Views: 8.1ms | ActiveRecord: 10.1ms)


Started GET "/" for ::1 at 2020-11-19 12:24:51 +0100
Processing by EmailsController#index as HTML
  Rendering emails/index.html.erb within layouts/application
  [1m[36mEmail Load (0.3ms)[0m  [1m[34mSELECT "emails".* FROM "emails"[0m
  ↳ app/views/emails/index.html.erb:11
  Rendered emails/index.html.erb within layouts/application (2.2ms)
  [1m[36mUser Load (0.4ms)[0m  [1m[34mSELECT  "users".* FROM "users" WHERE "users"."id" = $1 ORDER BY "users"."id" ASC LIMIT $2[0m  [["id", 1], ["LIMIT", 1]]
  ↳ app/views/layouts/_navbar.html.erb:9
  Rendered layouts/_navbar.html.erb (3.2ms)
  Rendered layouts/_flash.html.erb (0.6ms)
Completed 200 OK in 48ms (Views: 46.2ms | ActiveRecord: 0.7ms)


Started GET "/" for ::1 at 2020-11-19 12:31:38 +0100
Processing by EmailsController#index as HTML
  Rendering emails/index.html.erb within layouts/application
  [1m[36mEmail Load (0.8ms)[0m  [1m[34mSELECT "emails".* FROM "emails"[0m
  ↳ app/views/emails/index.html.erb:11
  Rendered emails/index.html.erb within layouts/application (4.4ms)
  [1m[36mUser Load (0.7ms)[0m  [1m[34mSELECT  "users".* FROM "users" WHERE "users"."id" = $1 ORDER BY "users"."id" ASC LIMIT $2[0m  [["id", 1], ["LIMIT", 1]]
  ↳ app/views/layouts/_navbar.html.erb:9
  Rendered layouts/_navbar.html.erb (4.7ms)
  Rendered layouts/_flash.html.erb (0.6ms)
Completed 200 OK in 34ms (Views: 30.8ms | ActiveRecord: 1.8ms)


Started POST "/emails" for ::1 at 2020-11-19 12:31:40 +0100
Processing by EmailsController#create as JS
  [1m[35m (0.2ms)[0m  [1m[35mBEGIN[0m
  ↳ app/controllers/emails_controller.rb:8
  [1m[36mEmail Create (0.5ms)[0m  [1m[32mINSERT INTO "emails" ("object", "body", "created_at", "updated_at") VALUES ($1, $2, $3, $4) RETURNING "id"[0m  [["object", "The Lives of Others"], ["body", "You talking to me?"], ["created_at", "2020-11-19 11:31:40.437575"], ["updated_at", "2020-11-19 11:31:40.437575"]]
  ↳ app/controllers/emails_controller.rb:8
  [1m[35m (6.0ms)[0m  [1m[35mCOMMIT[0m
  ↳ app/controllers/emails_controller.rb:8
  Rendering emails/create.js.erb
  Rendered emails/_email.html.erb (0.6ms)
  Rendered emails/create.js.erb (2.4ms)
Completed 200 OK in 17ms (Views: 5.4ms | ActiveRecord: 6.6ms)


Started GET "/" for ::1 at 2020-11-19 12:31:47 +0100
Processing by EmailsController#index as HTML
  Rendering emails/index.html.erb within layouts/application
  [1m[36mEmail Load (0.5ms)[0m  [1m[34mSELECT "emails".* FROM "emails"[0m
  ↳ app/views/emails/index.html.erb:11
  Rendered emails/index.html.erb within layouts/application (4.2ms)
  [1m[36mUser Load (0.3ms)[0m  [1m[34mSELECT  "users".* FROM "users" WHERE "users"."id" = $1 ORDER BY "users"."id" ASC LIMIT $2[0m  [["id", 1], ["LIMIT", 1]]
  ↳ app/views/layouts/_navbar.html.erb:9
  Rendered layouts/_navbar.html.erb (3.3ms)
  Rendered layouts/_flash.html.erb (0.4ms)
Completed 200 OK in 39ms (Views: 37.3ms | ActiveRecord: 0.8ms)


Started GET "/" for ::1 at 2020-11-19 12:32:09 +0100
Processing by EmailsController#index as HTML
  Rendering emails/index.html.erb within layouts/application
  [1m[36mEmail Load (0.6ms)[0m  [1m[34mSELECT "emails".* FROM "emails"[0m
  ↳ app/views/emails/index.html.erb:11
  Rendered emails/index.html.erb within layouts/application (4.0ms)
  [1m[36mUser Load (0.5ms)[0m  [1m[34mSELECT  "users".* FROM "users" WHERE "users"."id" = $1 ORDER BY "users"."id" ASC LIMIT $2[0m  [["id", 1], ["LIMIT", 1]]
  ↳ app/views/layouts/_navbar.html.erb:9
  Rendered layouts/_navbar.html.erb (3.3ms)
  Rendered layouts/_flash.html.erb (0.3ms)
Completed 200 OK in 39ms (Views: 36.3ms | ActiveRecord: 1.1ms)


Started POST "/emails" for ::1 at 2020-11-19 12:32:10 +0100
Processing by EmailsController#create as JS
  [1m[35m (0.2ms)[0m  [1m[35mBEGIN[0m
  ↳ app/controllers/emails_controller.rb:8
  [1m[36mEmail Create (0.5ms)[0m  [1m[32mINSERT INTO "emails" ("object", "body", "created_at", "updated_at") VALUES ($1, $2, $3, $4) RETURNING "id"[0m  [["object", "The Departed"], ["body", "You talking to me?"], ["created_at", "2020-11-19 11:32:10.461714"], ["updated_at", "2020-11-19 11:32:10.461714"]]
  ↳ app/controllers/emails_controller.rb:8
  [1m[35m (3.0ms)[0m  [1m[35mCOMMIT[0m
  ↳ app/controllers/emails_controller.rb:8
  Rendering emails/create.js.erb
  Rendered emails/_email.html.erb (0.3ms)
  Rendered emails/create.js.erb (1.1ms)
Completed 200 OK in 15ms (Views: 2.3ms | ActiveRecord: 3.6ms)


Started GET "/" for ::1 at 2020-11-19 12:33:27 +0100
Processing by EmailsController#index as HTML
  Rendering emails/index.html.erb within layouts/application
  [1m[36mEmail Load (0.5ms)[0m  [1m[34mSELECT "emails".* FROM "emails"[0m
  ↳ app/views/emails/index.html.erb:11
  Rendered emails/index.html.erb within layouts/application (3.3ms)
  [1m[36mUser Load (0.8ms)[0m  [1m[34mSELECT  "users".* FROM "users" WHERE "users"."id" = $1 ORDER BY "users"."id" ASC LIMIT $2[0m  [["id", 1], ["LIMIT", 1]]
  ↳ app/views/layouts/_navbar.html.erb:9
  Rendered layouts/_navbar.html.erb (3.1ms)
  Rendered layouts/_flash.html.erb (0.4ms)
Completed 200 OK in 36ms (Views: 33.2ms | ActiveRecord: 1.3ms)


Started POST "/emails" for ::1 at 2020-11-19 12:33:31 +0100
Processing by EmailsController#create as JS
  [1m[35m (0.1ms)[0m  [1m[35mBEGIN[0m
  ↳ app/controllers/emails_controller.rb:8
  [1m[36mEmail Create (0.5ms)[0m  [1m[32mINSERT INTO "emails" ("object", "body", "created_at", "updated_at") VALUES ($1, $2, $3, $4) RETURNING "id"[0m  [["object", "Back to the Future"], ["body", "I love the smell of napalm in the morning."], ["created_at", "2020-11-19 11:33:31.174345"], ["updated_at", "2020-11-19 11:33:31.174345"]]
  ↳ app/controllers/emails_controller.rb:8
  [1m[35m (8.0ms)[0m  [1m[35mCOMMIT[0m
  ↳ app/controllers/emails_controller.rb:8
  Rendering emails/create.js.erb
  Rendered emails/_email.html.erb (0.6ms)
  Rendered emails/create.js.erb (2.6ms)
Completed 200 OK in 19ms (Views: 4.5ms | ActiveRecord: 8.6ms)


Started GET "/" for ::1 at 2020-11-19 12:33:41 +0100
Processing by EmailsController#index as HTML
  Rendering emails/index.html.erb within layouts/application
  [1m[36mEmail Load (0.6ms)[0m  [1m[34mSELECT "emails".* FROM "emails"[0m
  ↳ app/views/emails/index.html.erb:11
  Rendered emails/index.html.erb within layouts/application (3.1ms)
  [1m[36mUser Load (0.8ms)[0m  [1m[34mSELECT  "users".* FROM "users" WHERE "users"."id" = $1 ORDER BY "users"."id" ASC LIMIT $2[0m  [["id", 1], ["LIMIT", 1]]
  ↳ app/views/layouts/_navbar.html.erb:9
  Rendered layouts/_navbar.html.erb (4.3ms)
  Rendered layouts/_flash.html.erb (0.9ms)
Completed 200 OK in 41ms (Views: 38.5ms | ActiveRecord: 1.4ms)


Started GET "/" for ::1 at 2020-11-19 12:34:42 +0100
Processing by EmailsController#index as HTML
  Rendering emails/index.html.erb within layouts/application
  [1m[36mEmail Load (0.4ms)[0m  [1m[34mSELECT "emails".* FROM "emails"[0m
  ↳ app/views/emails/index.html.erb:11
  Rendered emails/index.html.erb within layouts/application (2.8ms)
  [1m[36mUser Load (0.3ms)[0m  [1m[34mSELECT  "users".* FROM "users" WHERE "users"."id" = $1 ORDER BY "users"."id" ASC LIMIT $2[0m  [["id", 1], ["LIMIT", 1]]
  ↳ app/views/layouts/_navbar.html.erb:9
  Rendered layouts/_navbar.html.erb (2.2ms)
  Rendered layouts/_flash.html.erb (0.8ms)
Completed 200 OK in 30ms (Views: 27.6ms | ActiveRecord: 0.7ms)


Started POST "/emails" for ::1 at 2020-11-19 12:34:45 +0100
Processing by EmailsController#create as JS
  [1m[35m (0.1ms)[0m  [1m[35mBEGIN[0m
  ↳ app/controllers/emails_controller.rb:8
  [1m[36mEmail Create (0.3ms)[0m  [1m[32mINSERT INTO "emails" ("object", "body", "created_at", "updated_at") VALUES ($1, $2, $3, $4) RETURNING "id"[0m  [["object", "Gran Torino"], ["body", "I love the smell of napalm in the morning."], ["created_at", "2020-11-19 11:34:45.446057"], ["updated_at", "2020-11-19 11:34:45.446057"]]
  ↳ app/controllers/emails_controller.rb:8
  [1m[35m (3.3ms)[0m  [1m[35mCOMMIT[0m
  ↳ app/controllers/emails_controller.rb:8
  Rendering emails/create.js.erb
  Rendered emails/_email.html.erb (0.3ms)
  Rendered emails/create.js.erb (1.2ms)
Completed 200 OK in 10ms (Views: 2.5ms | ActiveRecord: 3.8ms)


Started POST "/emails" for ::1 at 2020-11-19 12:34:49 +0100
Processing by EmailsController#create as JS
  [1m[35m (0.2ms)[0m  [1m[35mBEGIN[0m
  ↳ app/controllers/emails_controller.rb:8
  [1m[36mEmail Create (0.4ms)[0m  [1m[32mINSERT INTO "emails" ("object", "body", "created_at", "updated_at") VALUES ($1, $2, $3, $4) RETURNING "id"[0m  [["object", "The Maltese Falcon"], ["body", "You talking to me?"], ["created_at", "2020-11-19 11:34:49.904765"], ["updated_at", "2020-11-19 11:34:49.904765"]]
  ↳ app/controllers/emails_controller.rb:8
  [1m[35m (12.7ms)[0m  [1m[35mCOMMIT[0m
  ↳ app/controllers/emails_controller.rb:8
  Rendering emails/create.js.erb
  Rendered emails/_email.html.erb (0.6ms)
  Rendered emails/create.js.erb (2.6ms)
Completed 200 OK in 24ms (Views: 5.7ms | ActiveRecord: 13.3ms)


